This is pdfTeX, Version 3.14159265-2.6-1.40.16 (MiKTeX 2.9) (preloaded format=pdflatex 2016.4.21)  7 OCT 2016 07:35
entering extended mode
**D:/Onedrive/Computer/Latex/python_re/python_re.tex
(D:/Onedrive/Computer/Latex/python_re/python_re.tex
LaTeX2e <2015/10/01> patch level 2
Babel <3.9n> and hyphenation patterns for 69 languages loaded.

("D:\Onedrive\Program Files (x86)\miktex-portable-2.9.5857\tex\latex\base\artic
le.cls"
Document Class: article 2014/09/29 v1.4h Standard LaTeX document class

("D:\Onedrive\Program Files (x86)\miktex-portable-2.9.5857\tex\latex\base\size1
2.clo"
File: size12.clo 2014/09/29 v1.4h Standard LaTeX file (size option)
)
\c@part=\count79
\c@section=\count80
\c@subsection=\count81
\c@subsubsection=\count82
\c@paragraph=\count83
\c@subparagraph=\count84
\c@figure=\count85
\c@table=\count86
\abovecaptionskip=\skip41
\belowcaptionskip=\skip42
\bibindent=\dimen102
)
("D:\Onedrive\Program Files (x86)\miktex-portable-2.9.5857\tex\latex\geometry\g
eometry.sty"
Package: geometry 2010/09/12 v5.6 Page Geometry

("D:\Onedrive\Program Files (x86)\miktex-portable-2.9.5857\tex\latex\graphics\k
eyval.sty"
Package: keyval 2014/10/28 v1.15 key=value parser (DPC)
\KV@toks@=\toks14
)
("D:\Onedrive\Program Files (x86)\miktex-portable-2.9.5857\tex\generic\oberdiek
\ifpdf.sty"
Package: ifpdf 2011/01/30 v2.3 Provides the ifpdf switch (HO)
Package ifpdf Info: pdfTeX in PDF mode is detected.
)
("D:\Onedrive\Program Files (x86)\miktex-portable-2.9.5857\tex\generic\oberdiek
\ifvtex.sty"
Package: ifvtex 2010/03/01 v1.5 Detect VTeX and its facilities (HO)
Package ifvtex Info: VTeX not detected.
)
("D:\Onedrive\Program Files (x86)\miktex-portable-2.9.5857\tex\generic\ifxetex\
ifxetex.sty"
Package: ifxetex 2010/09/12 v0.6 Provides ifxetex conditional
)
\Gm@cnth=\count87
\Gm@cntv=\count88
\c@Gm@tempcnt=\count89
\Gm@bindingoffset=\dimen103
\Gm@wd@mp=\dimen104
\Gm@odd@mp=\dimen105
\Gm@even@mp=\dimen106
\Gm@layoutwidth=\dimen107
\Gm@layoutheight=\dimen108
\Gm@layouthoffset=\dimen109
\Gm@layoutvoffset=\dimen110
\Gm@dimlist=\toks15

("D:\Onedrive\Program Files (x86)\miktex-portable-2.9.5857\tex\latex\geometry\g
eometry.cfg"))

! LaTeX Error: File `listings.sty' not found.

Type X to quit or <RETURN> to proceed,
or enter new name. (Default extension: sty)

Enter file name: 
! Emergency stop.
<read *> 
         
l.5 \usepackage
               {color}
End of file on the terminal!

 
Here is how much of TeX's memory you used:
 729 strings out of 493634
 10650 string characters out of 3131952
 64835 words of memory out of 3000000
 4181 multiletter control sequences out of 15000+200000
 3938 words of font info for 15 fonts, out of 3000000 for 9000
 1025 hyphenation exceptions out of 8191
 23i,0n,19p,218b,36s stack positions out of 5000i,500n,10000p,200000b,50000s
!  ==> Fatal error occurred, no output PDF file produced!
