This is pdfTeX, Version 3.14159265-2.6-1.40.16 (MiKTeX 2.9) (preloaded format=pdflatex 2016.4.21)  23 JUN 2016 17:47
entering extended mode
**D:/Dropbox/fi/Fixed_Income.tex
(D:/Dropbox/fi/Fixed_Income.tex
LaTeX2e <2015/10/01> patch level 2
Babel <3.9n> and hyphenation patterns for 69 languages loaded.

("D:\Onedrive\Program Files (x86)\miktex-portable-2.9.5857\tex\latex\base\artic
le.cls"
Document Class: article 2014/09/29 v1.4h Standard LaTeX document class

("D:\Onedrive\Program Files (x86)\miktex-portable-2.9.5857\tex\latex\base\size1
2.clo"
File: size12.clo 2014/09/29 v1.4h Standard LaTeX file (size option)
)
\c@part=\count79
\c@section=\count80
\c@subsection=\count81
\c@subsubsection=\count82
\c@paragraph=\count83
\c@subparagraph=\count84
\c@figure=\count85
\c@table=\count86
\abovecaptionskip=\skip41
\belowcaptionskip=\skip42
\bibindent=\dimen102
) (Fixed_Income.aux)
\openout1 = `Fixed_Income.aux'.

LaTeX Font Info:    Checking defaults for OML/cmm/m/it on input line 3.
LaTeX Font Info:    ... okay on input line 3.
LaTeX Font Info:    Checking defaults for T1/cmr/m/n on input line 3.
LaTeX Font Info:    ... okay on input line 3.
LaTeX Font Info:    Checking defaults for OT1/cmr/m/n on input line 3.
LaTeX Font Info:    ... okay on input line 3.
LaTeX Font Info:    Checking defaults for OMS/cmsy/m/n on input line 3.
LaTeX Font Info:    ... okay on input line 3.
LaTeX Font Info:    Checking defaults for OMX/cmex/m/n on input line 3.
LaTeX Font Info:    ... okay on input line 3.
LaTeX Font Info:    Checking defaults for U/cmr/m/n on input line 3.
LaTeX Font Info:    ... okay on input line 3.
LaTeX Font Info:    External font `cmex10' loaded for size
(Font)              <14.4> on input line 7.
LaTeX Font Info:    External font `cmex10' loaded for size
(Font)              <7> on input line 7.
 (Fixed_Income.toc)
\tf@toc=\write3
\openout3 = `Fixed_Income.toc'.

LaTeX Font Info:    External font `cmex10' loaded for size
(Font)              <12> on input line 12.
LaTeX Font Info:    External font `cmex10' loaded for size
(Font)              <8> on input line 12.
LaTeX Font Info:    External font `cmex10' loaded for size
(Font)              <6> on input line 12.
 [1

{D:/Onedrive/Program Files (x86)/miktex-portable-2.9.5857/pdftex/config/pdftex.
map}] (Fixed_Income.aux) ) 
Here is how much of TeX's memory you used:
 238 strings out of 493634
 2713 string characters out of 3131952
 56604 words of memory out of 3000000
 3695 multiletter control sequences out of 15000+200000
 8501 words of font info for 30 fonts, out of 3000000 for 9000
 1025 hyphenation exceptions out of 8191
 22i,9n,19p,162b,187s stack positions out of 5000i,500n,10000p,200000b,50000s
<D:/Onedrive/Program Files (x86)/miktex-portable-2.9.
5857/fonts/type1/public/amsfonts/cm/cmbx12.pfb><D:/Onedrive/Program Files (x86)
/miktex-portable-2.9.5857/fonts/type1/public/amsfonts/cm/cmex10.pfb><D:/Onedriv
e/Program Files (x86)/miktex-portable-2.9.5857/fonts/type1/public/amsfonts/cm/c
mmi12.pfb><D:/Onedrive/Program Files (x86)/miktex-portable-2.9.5857/fonts/type1
/public/amsfonts/cm/cmmi6.pfb><D:/Onedrive/Program Files (x86)/miktex-portable-
2.9.5857/fonts/type1/public/amsfonts/cm/cmmi8.pfb><D:/Onedrive/Program Files (x
86)/miktex-portable-2.9.5857/fonts/type1/public/amsfonts/cm/cmr12.pfb><D:/Onedr
ive/Program Files (x86)/miktex-portable-2.9.5857/fonts/type1/public/amsfonts/cm
/cmr17.pfb><D:/Onedrive/Program Files (x86)/miktex-portable-2.9.5857/fonts/type
1/public/amsfonts/cm/cmr6.pfb><D:/Onedrive/Program Files (x86)/miktex-portable-
2.9.5857/fonts/type1/public/amsfonts/cm/cmr8.pfb><D:/Onedrive/Program Files (x8
6)/miktex-portable-2.9.5857/fonts/type1/public/amsfonts/cm/cmsy10.pfb><D:/Onedr
ive/Program Files (x86)/miktex-portable-2.9.5857/fonts/type1/public/amsfonts/cm
/cmsy6.pfb><D:/Onedrive/Program Files (x86)/miktex-portable-2.9.5857/fonts/type
1/public/amsfonts/cm/cmsy8.pfb>
Output written on Fixed_Income.pdf (1 page, 114652 bytes).
PDF statistics:
 54 PDF objects out of 1000 (max. 8388607)
 0 named destinations out of 1000 (max. 500000)
 1 words of extra memory for PDF output out of 10000 (max. 10000000)

